words
['uiheaderbackground', 'servicesexclude', 'favorites', '4', 'uiheadercolor', 'var', 'guide', 'google', '6a1a18', 'facebook']
words
['human', 'status', 'large', 'impact', 'day', 'familiar', 'center', 'immediately', 'page', 'highlighting']
words
['kids', 'website', 'human', 'national', 'included', 'states', 'united', 'agency', 'state', 'government']
words
['special', 'people', 'elderly', 'area', 'jump', 'united', 'calif', 'announced', 'view', 'washington']
words
['medical', 'ice', 'servicealaska', 'regional', 'area', 'find', 'send', 'university', 'alaskas', 'email']




Accuracy per Label

0.2
0.1
0.153846153846
0.3
0.294117647059
Total Accuracy
0.214285714286


[[ 2.  2.  2.  3.  5.]
 [ 3.  4.  4.  0.  3.]
 [ 2.  4.  3.  2.  3.]
 [ 3.  2.  3.  3.  3.]
 [ 0.  8.  1.  2.  3.]]
