words
['emailing', 'emanating', 'email', 'em', 'embrace', 'embedded', 'embayments', 'elk', 'emails']
words
['reported', 'science', 'number', 'function', 'months', 'links', 'tips', 'awareness', 'fall', 'recalls']
words
['resources', 'function', 'software', '18', 'warning', 'citation', 'file', 'ncbi', 'management', 'generate']
words
['function', 'software', 'skip', 'warning', 'citation', 'file', 'february', 'ncbi', 'management', 'generate']
words
['participate', 'picks', 'discussion', 'ondemand', 'facebook', 'httpwwwwhitehousegovvideo', 'notices', 'offices', 'questions', 'member']




Accuracy per Label

0.192307692308
0.34375
0.242424242424
0.131147540984
0.183333333333
Total Accuracy
0.243697478992


[[ 10.  11.   8.   8.  11.]
 [  6.   8.   5.  15.  14.]
 [ 11.   5.   8.  11.  13.]
 [ 14.   6.   4.  17.   7.]
 [ 11.   2.   8.  10.  15.]]
