words
['enhance', 'enjoy', 'enhancing', 'enlarged', 'engraver', 'engineering', 'enjoyable', 'enforcement', 'enhanced']
words
['effective', 'space', 'parks', 'jupiter', 'budget', 'called', 'united', 'including', 'nation', 'education']
words
['clouds', '12', '5', 'version', 'listed', 'including', '2010', 'years', 'april', '2011']
words
['tornadoes', 'low', 'status', 'weather', 'warnings', 'united', 'issuing', '2011', 'administration', 'increased']
words
['active', 'give', 'member', 'participate', 'comments', 'discussion', 'facebook', 'click', 'announces', 'years']




Accuracy per Label

0.461538461538
0.178571428571
0.166666666667
0.22
0.128205128205
Total Accuracy
0.216216216216


[[  6.   5.   3.  11.   5.]
 [  3.   6.   1.  10.  10.]
 [  2.   4.   4.  13.   7.]
 [  2.  10.   5.   6.   7.]
 [  0.   3.   5.  10.  10.]]
