words
['employees', 'empty', 'emerging', 'employed', 'employers', 'emphysema', 'emphasized', 'employee', 'employment']
words
['employees', 'empty', 'emerging', 'employed', 'employers', 'emphysema', 'emphasized', 'employee', 'employment']
words
['types', 'rich', 'condition', 'march', 'updates', 'resolutions', 'regularly', 'clouds', 'released', 'follow']
words
['act', 'established', 'law', 'committee', 'main', '25', 'insurance', 'scale', 'administration', '50']
words
['act', 'death', 'committed', 'robert', 'links', '10', 'shot', 'park', 'murder', 'inmate']




Accuracy per Label

0.304347826087
0.182926829268
0.123076923077
0.246753246753
0.111111111111
Total Accuracy
0.242603550296


[[ 21.  15.   8.  19.   5.]
 [ 14.  13.  14.  16.  11.]
 [ 15.  15.  16.  16.   6.]
 [  5.  18.  14.  20.  11.]
 [ 14.  21.  13.   6.  12.]]
