words
['duodenum', 'duplication', 'duration', 'dunn', 'durable', 'duplex', 'dunes', 'duplicated', 'duodenojejunal']
words
['duodenum', 'duplication', 'duration', 'dunn', 'durable', 'duplex', 'dunes', 'duplicated', 'duodenojejunal']
words
['jobs', 'original', 'represent', 'samples', 'develop', 'corps', 'tool', 'disk', 'notification', 'statistical']
words
['means', 'ill', 'interest', 'transportation', 'andor', 'blood', 'writing', 'discovery', 'district', 'portion']
words
['financial', 'recreation', 'continue', 'galaxy', 'mission', 'generally', 'features', 'exercise', 'district', 'inmate']




Accuracy per Label

0.201238390093
0.216279069767
0.171641791045
0.252032520325
0.176328502415
Total Accuracy
0.24297752809


[[  65.   93.   23.   31.   73.]
 [  78.   91.   31.   24.   61.]
 [  72.   91.   32.   20.   70.]
 [  68.   97.   22.   23.   75.]
 [  40.   58.   26.   25.  135.]]
