words
['elaine', 'elbow', 'elderly', 'el', 'ek', 'elected', 'elder', 'election', 'elachi']
words
['elaine', 'elbow', 'elderly', 'el', 'ek', 'elected', 'elder', 'election', 'elachi']
words
['regional', '2', 'australia', 'cold', 'grant', 'field', 'development', 'agricultural', 'ny', 'faqs']
words
['2', 'res', 'early', '240', 'august', '23', 'development', 'ice', 'legal', 'reasons']
words
['st', 'forests', 'months', 'change', 'americas', 'front', 'council', 'specific', '9', 'leaving']




Accuracy per Label

0.206896551724
0.178861788618
0.161764705882
0.25
0.211764705882
Total Accuracy
0.214634146341


[[ 12.  22.  11.  19.  18.]
 [ 13.  23.  13.  11.  22.]
 [ 12.  29.  14.  12.  15.]
 [ 12.  25.  16.  19.  10.]
 [  9.  24.  14.  15.  20.]]
