words
['effects', 'eighteen', 'ejected', 'effort', 'efficient', 'efforts', 'eighth', 'efile', 'ejection']
words
['discover', 'astronomer', 'photograph', 'featured', 'fascinating', 'cosmos', 'day', 'explanation', 'written', 'universe']
words
['discover', 'astronomer', 'photograph', 'featured', 'fascinating', 'cosmos', 'explanation', 'apod', 'written', 'universe']
words
['act', 'discover', 'january', 'photograph', 'featured', 'fascinating', 'cosmos', 'apod', 'written', 'universe']
words
['people', 'inside', 'act', 'obama', 'commitment', 'discover', 'spent', 'day', 'usda', 'tax']




Accuracy per Label

0.233333333333
0.0857142857143
0.241935483871
0.170731707317
0.213114754098
Total Accuracy
0.212355212355


[[ 14.   3.  15.   7.  13.]
 [ 12.  11.  12.   6.  11.]
 [  5.  10.  12.   7.  18.]
 [ 16.   2.  11.  11.  12.]
 [ 13.   9.  12.  10.   7.]]
