words
['edgar', 'economy', 'ed', 'ecosystems', 'ect', 'ecosystem', 'ecuador', 'edge', 'edd']
words
['responsible', 'reported', 'httpwwwwhitehousegovvideo', 'comments', 'ondemand', 'sector', 'risk', 'activity', 'northern', 'planning']
words
['encourage', 'responsible', 'training', 'city', 'process', 'status', 'activity', 'workers', 'called', 'member']
words
['parents', 'code', 'discussion', 'ii', 'bill', 'iii', 'george', 'georgia', 'planning', 'member']
words
['picks', '2011', 'usda', 'agricultural', 'years', 'order', 'submitted', 'dealing', 'areas', 'percent']




Accuracy per Label

0.235294117647
0.215909090909
0.181818181818
0.193548387097
0.183486238532
Total Accuracy
0.246220302376


[[ 20.  19.  16.  18.  20.]
 [ 15.  25.  12.  20.  21.]
 [ 18.  18.  21.  14.  22.]
 [ 15.  16.  24.  20.  18.]
 [ 17.  10.  15.  21.  28.]]
