words
['endorse', 'end', 'ending', 'endangered', 'encourages', 'enable', 'endogenous', 'encyclopedia', 'endocannabinoid']
words
['relationships', 'information', '12', 'health', 'services', 'baltimore', 'march', 'including', 'center', 'biology']
words
['red', 'med', 'current', 'navigation', 'medical', 'period', 'congress', 'park', 'back', 'department']
words
['human', 'professional', 'share', 'falls', 'versus', 'systems', 'event', 'health', 'day', 'center']
words
['internet', 'make', '10', 'mission', 'federal', 'march', '300', 'library', 'facebook', 'official']




Accuracy per Label

0.0833333333333
0.428571428571
0.0909090909091
0.1875
0.285714285714
Total Accuracy
0.202127659574


[[  1.   6.   2.   6.   4.]
 [  5.   2.   7.   3.   2.]
 [  2.   2.   4.   8.   3.]
 [  2.   1.   3.  10.   3.]
 [  2.   3.   6.   5.   2.]]
