words
['edsc', 'dynamics', 'edition', 'editorials', 'editions', 'editorial', 'editors', 'edison', 'edith']
words
['release', 'standard', 'defense', 'addition', 'share', 'create', 'diseases', 'individuals', 'spacecraft', 'press']
words
['previous', 'reserve', 'release', 'background', 'committee', 'date', 'special', 'files', 'linked', 'press']
words
['previous', 'steps', 'survival', 'background', 'northern', 'date', 'print', 'galaxy', 'review', 'clin']
words
['natural', 'aid', 'benefit', 'evening', 'northern', 'nation', '300', 'disk', 'enter', 'linked']




Accuracy per Label

0.238095238095
0.140939597315
0.26582278481
0.222222222222
0.159090909091
Total Accuracy
0.23259762309


[[ 20.  21.  21.  42.  14.]
 [ 20.  29.  13.  35.  21.]
 [ 19.  34.  16.  38.  11.]
 [ 13.  32.  15.  44.  14.]
 [ 12.  33.  14.  30.  28.]]
