words
['electricity', 'elections', 'electors', 'electrocution', 'elected', 'electrical', 'electrocuting', 'election', 'electric']
words
['west', 'act', 'safety', 'control', 'facilities', 'identify', '1', 'released', 'activity', 'year']
words
['east', 'large', 'kill', 'joint', '11', 'miles', 'blood', '2001', 'industry', '1']
words
['summary', 'established', '3', 'mobile', 'photographs', '1', 'multiple', 'activity', 'obtain', 'year']
words
['military', 'details', 'social', 'media', 'visible', 'kilometers', '11', '300', 'path', '1']




Accuracy per Label

0.188405797101
0.172413793103
0.159420289855
0.26724137931
0.18018018018
Total Accuracy
0.205673758865


[[ 13.  10.  11.  31.  20.]
 [ 12.  11.  12.  25.  25.]
 [ 19.  14.  14.  18.  20.]
 [ 11.  11.  16.  25.  22.]
 [ 14.  12.  16.  17.  24.]]
