words
['prospective', 'missouri', 'impacts', 'geography', 'question', 'smaller', 'depend', 'rating', 'reductions', 'artery']
words
['diverse', 'divemaster', 'diverging', 'diver', 'divalent', 'divergent', 'div', 'diverselandscape', 'divers']
words
['operate', 'basis', 'frequent', 'mitigate', 'ht5281', 'orbiting', 'vulnerabilities', 'mayo', 'encourages', 'apple']
words
['lowincome', 'uscis', 'basis', 'stability', 'interview', 'earned', 'overcome', 'arrange', 'components', 'regulation']
words
['nongovernmental', 'redirected', 'usaccessibility', 'hyperlink', 'hhs', 'visitors', 'aid', 'healthfindergov', 'hyperlinked', 'endorsement']




Accuracy per Label

0.239077669903
0.223602484472
0.178387650086
0.185643564356
0.182432432432
Total Accuracy
0.249329758713


[[ 197.  216.  104.   75.  378.]
 [ 178.  218.  127.   82.  365.]
 [ 182.  216.  122.   86.  364.]
 [ 176.  198.  135.   84.  377.]
 [  91.  118.   95.   77.  588.]]
