words
['enjoy', 'enter', 'enormous', 'entered', 'ensure', 'enlisted', 'engaging', 'entire', 'entities']
words
['study', 'work', 'report', 'change', 'nation', 'area', 'full', 'service', 'view', 'places']
words
['appropriation', 'content', 'responsible', 'easy', 'discover', 'address', 'constitutional', 'detailed', '24', 'encountered']
words
['evolving', 'travel', 'operations', 'accomplishments', 'generally', 'costs', 'enzyme', 'plan', 'view', 'taxpayers']
words
['featured', 'explanation', 'written', 'cosmos', 'discover', 'astronomer', 'act', 'image', 'universe', 'photograph']




Accuracy per Label

0.176470588235
0.178571428571
0.214285714286
0.315789473684
0.136363636364
Total Accuracy
0.21


[[ 3.  5.  3.  6.  3.]
 [ 3.  7.  4.  2.  4.]
 [ 4.  6.  0.  5.  5.]
 [ 6.  6.  3.  3.  2.]
 [ 1.  4.  4.  3.  8.]]
