words
['drug', 'encyclopedia', 'endangered', 'endothelial', 'endorse', 'end', 'endorsement', 'encourages', 'ended']
words
['drug', 'encyclopedia', 'endangered', 'endothelial', 'endorse', 'end', 'endorsement', 'encourages', 'ended']
words
['pubmed', 'javascript', 'function', 'requires', 'software', 'ncbi', '40', 'management', 'generate', 'warning']
words
['participate', 'time', 'complete', 'comments', 'ondemand', 'library', 'updated', 'stores', 'member', 'obtain']
words
['service', 'plan', 'recent', 'monday', 'comments', 'change', 'increase', 'library', 'human', 'dakota']




Accuracy per Label

0.285714285714
0.222222222222
0.208333333333
0.1
0.210526315789
Total Accuracy
0.238095238095


[[  8.  12.  10.   4.   4.]
 [  6.  12.   7.   7.   6.]
 [  5.   7.  11.  13.   2.]
 [  3.  10.  14.   9.   2.]
 [  6.  13.   6.   7.   5.]]
