words
['epederuwashingtonedu', 'episodes', 'equipment', 'epigenetics', 'epimetheus', 'epidemiologist', 'equilibrium', 'epidemiology', 'equally']
words
['updates', 'reported', 'attacker', 'current', 'view', '12', 'ht5281', 'research', 'attack', 'page']
words
['generally', 'skip', 'current', 'address', 'learn', 'food', 'economic', 'department', '1', 'home']
words
['visible', 'increase', 'focus', 'full', '2009', 'high', 'center', 'safety', '40', 'details']
words
['generally', 'change', 'view', 'captured', 'file', 'recent', 'dark', 'located', 'years', 'loss']




Accuracy per Label

0.346153846154
0.105263157895
0.130434782609
0.272727272727
0.16
Total Accuracy
0.211538461538


[[ 9.  2.  3.  3.  4.]
 [ 4.  2.  8.  3.  4.]
 [ 4.  7.  3.  3.  4.]
 [ 3.  5.  6.  1.  6.]
 [ 6.  3.  3.  1.  7.]]
