words
['earthlings', 'earners', 'earliest', 'earns', 'earned', 'earning', 'earth', 'earthshine', 'earths']
words
['contained', 'intended', 'law', 'application', 'subject', 'hyperlinks', 'appearance', 'consistent', 'endorsement', 'visitors']
words
['symptoms', 'email', 'order', 'safe', 'support', 'map', 'weeks', 'effect', 'distant', 'represent']
words
['letter', 'pdf', 'life', 'employees', 'law', 'systems', 'links', 'money', 'benefits', 'requirements']
words
['construction', 'approximately', 'read', 'application', 'links', 'policy', '21', 'visitors', '9', 'update']




Accuracy per Label

0.213541666667
0.185185185185
0.18691588785
0.163120567376
0.244094488189
Total Accuracy
0.234074074074


[[ 41.  20.  20.  23.  31.]
 [ 47.  21.  15.  29.  23.]
 [ 42.  23.  22.  35.  13.]
 [ 36.  24.  17.  36.  22.]
 [ 26.  20.  33.  18.  38.]]
