words
['emailing', 'elite', 'email', 'elimination', 'elk', 'ellison', 'eligibility', 'emails', 'ellipse']
words
['emailing', 'elite', 'email', 'elimination', 'elk', 'ellison', 'eligibility', 'emails', 'ellipse']
words
['hours', 'discover', 'social', 'professional', 'media', 'astronomer', 'featured', 'children', 'day', 'universe']
words
['asked', 'half', 'apod', 'professional', 'astronomer', 'photograph', 'featured', 'fascinating', 'cosmos', 'universe']
words
['resources', 'red', 'ten', 'discover', 'photograph', 'featured', 'maryland', 'galaxy', 'check', 'developed']




Accuracy per Label

0.265306122449
0.188679245283
0.204545454545
0.197530864198
0.157894736842
Total Accuracy
0.207746478873


[[ 13.  10.   9.  16.   9.]
 [ 13.  10.  10.  11.  13.]
 [  9.  15.   5.  19.   9.]
 [  9.  10.  11.  16.  11.]
 [  5.   8.   9.  19.  15.]]
