words
['entering', 'entire', 'financing', 'entered', 'enslavement', 'enter', 'ensure', 'entitlement', 'ensign']
words
['energy', 'complete', 'hours', 'emergency', 'force', 'features', 'make', 'sharp', 'inmate', 'patients']
words
['2', 'image', 'discover', 'professional', 'start', 'robert', 'fascinating', 'throat', '1', 'universe']
words
['discover', 'professional', 'astronomer', 'photograph', 'fascinating', 'cosmos', 'explanation', 'apod', 'written', 'universe']
words
['internet', 'congress', 'official', 'professional', '21', '22', 'path', 'earth', 'spacecraft', 'files']




Accuracy per Label

0.245614035088
0.115384615385
0.3
0.153846153846
0.176470588235
Total Accuracy
0.236180904523


[[ 14.   3.   9.   8.   6.]
 [ 10.   9.   7.  12.   2.]
 [  8.   6.   5.  14.   7.]
 [ 11.   7.   4.   9.   9.]
 [ 14.   1.   5.   9.  10.]]
