words
['employ', 'emotion', 'emi', 'emotional', 'emerging', 'employer', 'employed', 'emphasizes', 'emphasized']
words
['people', 'impact', 'hope', 'special', 'president', 'form', 'tax', 'earth', 'turn', '80']
words
['2010', 'government', 'pictured', 'previously', '11', '21', 'february', '1', 'offers', 'called']
words
['data', 'month', 'constellation', 'historic', '17', 'form', 'galaxy', 'radio', '50', '1']
words
['data', 'provide', 'change', 'food', 'grant', 'quality', 'president', '11', 'february', '80']




Accuracy per Label

0.111111111111
0.155172413793
0.258064516129
0.235294117647
0.237288135593
Total Accuracy
0.165957446809


[[  4.   9.   8.  12.  14.]
 [  4.  13.  11.   5.  14.]
 [ 11.  10.   1.  15.  10.]
 [  6.  12.   5.  12.  12.]
 [ 11.  14.   6.   7.   9.]]
