words
['emotion', 'enable', 'employees', 'en', 'empty', 'emphysema', 'employed', 'emphasis', 'employment']
words
['police', 'high', 'life', 'year', '3', 'severe', 'event', 'march', '20', '1']
words
['findings', 'act', 'social', 'comments', 'march', 'county', 'content', 'eating', 'college', 'activity']
words
['fascinating', 'discover', 'professional', 'astronomer', 'photograph', 'featured', 'cosmos', 'explanation', 'apod', 'written']
words
['large', 'discover', 'professional', 'astronomer', 'photograph', 'featured', 'cosmos', 'explanation', 'apod', 'written']




Accuracy per Label

0.15
0.266666666667
0.153846153846
0.135135135135
0.241379310345
Total Accuracy
0.194594594595


[[  3.  16.   6.   5.   7.]
 [  6.  11.   7.   9.   4.]
 [  5.  10.   6.  11.   5.]
 [  4.  19.   7.   5.   2.]
 [  2.   4.  13.   7.  11.]]
