words
['enable', 'edsc', 'educ', 'edmonton', 'edmond', 'editors', 'edsitement', 'eds', 'edt']
words
['large', 'recent', 'reference', 'res', 'office', 'share', 'usaccessibility', 'requirements', 'services', 'organizations']
words
['address', 'action', 'opportunity', 'security', 'physical', 'half', 'mitigate', 'international', 'activity', 'nasa']
words
['population', 'ca', 'order', 'observed', 'skip', 'texas', 'profile', 'md', 'environment', 'light']
words
['sci', 'lowell', 'pdf', 'biology', 'king', 'bay', 'maryland', 'diseases', 'communities', 'page']




Accuracy per Label

0.146666666667
0.214876033058
0.185483870968
0.239263803681
0.178217821782
Total Accuracy
0.203767123288


[[ 11.  26.  23.  39.  18.]
 [ 13.  24.  24.  36.  20.]
 [ 17.  24.  26.  37.  13.]
 [ 17.  26.  26.  28.  20.]
 [ 17.  21.  25.  23.  30.]]
