words
['elevation', 'elevated', 'elements', 'eleven', 'elementary', 'elemental', 'elevator', 'eligibility', 'elevators']
words
['instructed', 'resell', 'firm', 'illegal', 'families', 'consumers', 'safety', 'consumer', 'units', 'announced']
words
['studies', 'primarily', 'provide', 'families', 'resources', 'safety', 'americans', 'patient', '9', 'income']
words
['act', 'synthetic', 'order', 'production', 'low', 'conditions', '60', 'includes', 'category', 'made']
words
['country', 'summer', 'act', 'maryland', 'law', 'conditions', 'twitter', 'note', 'sector', 'blog']




Accuracy per Label

0.208333333333
0.189189189189
0.160377358491
0.224242424242
0.204379562044
Total Accuracy
0.237398373984


[[ 20.  21.  17.  37.  28.]
 [ 23.  25.  19.  25.  31.]
 [ 18.  22.  27.  36.  20.]
 [ 18.  23.  26.  36.  20.]
 [ 17.  20.  17.  31.  38.]]
