words
['epederuwashingtonedu', 'equality', 'er', 'educating', 'equinox', 'epimetheus', 'epidermal', 'equilibrium', 'epithelial']
words
['f2f5', 'report', 'information', 'program', 'nsf', '2012', 'low', 'center', 'loss', 'biology']
words
['parks', 'cosmos', 'current', 'information', 'image', 'explanation', 'apod', 'prediction', 'center', 'increased']
words
['information', 'policies', 'image', 'research', 'intended', 'health', 'states', 'guide', 'collection', 'variety']
words
['practices', 'approximately', 'view', 'bright', 'mission', 'spacecraft', 'health', 'download', 'sky', 'official']




Accuracy per Label

0.142857142857
0.277777777778
0.272727272727
0.173913043478
0.15
Total Accuracy
0.221153846154


[[ 3.  5.  6.  4.  3.]
 [ 3.  6.  5.  7.  0.]
 [ 7.  1.  4.  4.  5.]
 [ 6.  3.  2.  4.  6.]
 [ 2.  3.  5.  4.  6.]]
