words
['eclipse', 'echocardiography', 'ebipubmed', 'economic', 'eatingrelated', 'ecco2', 'ecological', 'ebiomed', 'echo']
words
['full', 'process', 'product', 'safety', 'recently', 'active', 'stop', 'make', 'left', 'clin']
words
['early', 'attempt', 'make', 'canada', 'participants', 'greater', 'disease', 'risk', 'multiple', 'activity']
words
['congress', 'life', 'history', 'food', 'make', 'students', '22', 'division', 'words', 'discuss']
words
['support', 'forests', 'notice', 'food', 'americas', 'make', '12', 'island', 'existence', 'mental']




Accuracy per Label

0.272727272727
0.158536585366
0.146788990826
0.228260869565
0.22
Total Accuracy
0.217073170732


[[ 21.  13.  16.  21.  11.]
 [ 14.  18.  19.  20.  11.]
 [ 18.  14.  24.  17.   9.]
 [ 12.  19.  30.  14.   7.]
 [ 12.  18.  20.  20.  12.]]
