words
['el', 'eit', 'ejected', 'eib91', 'egyptians', 'effort', 'eighthgraders', 'efforts', 'efile']
words
['inside', 'white', 'secretary', 'increase', 'president', 'wait', 'house', 'executive', 'actions', 'tax']
words
['medlineplus', 'medicine', 'global', 'type', '12', 'cancer', '8', 'disease', 'environment', 'feb']
words
['letter', 'research', 'medlineplus', 'early', 'market', 'compare', 'disease', 'developed', 'alcohol', 'include']
words
['inside', 'sign', 'resources', 'video', 'notice', 'dense', 'picture', 'version', 'higher', 'tax']




Accuracy per Label

0.239436619718
0.089552238806
0.316455696203
0.166666666667
0.171875
Total Accuracy
0.212464589235


[[ 17.   6.  25.  12.  11.]
 [ 11.  16.  11.  19.  14.]
 [  9.  16.  18.  17.  11.]
 [ 17.  12.  16.  11.  15.]
 [ 17.  17.   9.  13.  13.]]
