words
['summer', 'born', 'american', 'north', 'education', 'intern', 'form', '17', 'astronaut', '80']
words
['frb', 'federal', 'stronger', 'reserve', 'increase', 'part', 'paper', 'review', 'press', 'taxpayers']
words
['shows', 'studies', 'standard', 'northern', 'explain', 'trust', 'continue', 'captured', 'agencies', 'lead']
words
['spend', 'spending', 'city', 'internal', 'produced', 'size', 'save', 'international', 'important', 'division']
words
['reports', 'support', 'federal', 'increase', 'northern', 'approach', 'offices', 'review', 'program', 'sun']




Accuracy per Label

0.197368421053
0.211538461538
0.138888888889
0.176470588235
0.239436619718
Total Accuracy
0.192307692308


[[ 15.  22.   5.   9.  17.]
 [ 18.  21.   9.   9.  11.]
 [ 12.  18.   6.  16.  16.]
 [ 18.  21.   7.   9.  13.]
 [ 13.  22.   9.   8.  14.]]
