words
['electricity', 'electronic', 'elevation', 'eli', 'elderly', 'einstein', 'eggs', 'elevated', 'elaine']
words
['contact', 'list', 'king', 'activity', 'grant', 'images', 'click', 'united', 'familiar', 'add']
words
['nongovernmental', 'link', 'external', 'warning', 'learn', 'services', 'javascript', 'purpose', 'redirected', 'united']
words
['external', 'citation', 'file', 'generate', 'javascript', 'usa', 'management', 'requires', 'software', 'function']
words
['disk', 'earth', 'warning', 'citation', 'file', 'generate', 'kilometers', 'management', 'requires', 'function']




Accuracy per Label

0.105263157895
0.35
0.177777777778
0.208333333333
0.2
Total Accuracy
0.2109375


[[  2.   7.   8.   5.   4.]
 [  4.   3.  11.   2.   6.]
 [  6.   2.  12.   4.   2.]
 [  7.   4.   9.   4.   2.]
 [  0.   4.   5.   9.   6.]]
