words
['evidence', 'evol', 'events', 'execution', 'exemptions', 'excited', 'excluded', 'evolutionary', 'evident']
words
['size', 'earth', 'astronomer', 'image', 'small', 'resources', 'universe', 'february', 'system', 'sky']
words
['kids', 'explanation', 'data', '15', 'department', 'image', 'impact', 'dark', 'potential', 'sky']
words
['usda', 'test', 'closest', 'act', '2011', 'view', 'patterns', 'page', 'library', 'home']
words
['240', 'explanation', 'fascinating', 'cosmos', 'glacier', 'captured', 'astronomer', 'station', 'park', 'north']




Accuracy per Label

0.2
0.133333333333
0.25
0.1875
0.24
Total Accuracy
0.173913043478


[[ 1.  2.  2.  3.  6.]
 [ 1.  2.  4.  5.  2.]
 [ 2.  2.  1.  5.  4.]
 [ 0.  5.  0.  2.  7.]
 [ 1.  4.  1.  1.  6.]]
