words
['electricity', 'electrocution', 'electro', 'electroencephalogram', 'electrode', 'electronic', 'electrodes', 'electroconvulsive', 'emails']
words
['child', 'community', 'office', 'links', '21', 'find', 'figure', 'requirements', '1', 'fear']
words
['telescope', 'act', 'australia', 'send', 'grant', 'street', '21', 'adults', 'clouds', 'disk']
words
['child', 'send', 'email', 'biology', 'building', 'justice', '19', 'protein', '24', 'made']
words
['telescope', 'bright', 'condition', 'stars', 'order', 'families', 'treatment', 'distant', 'maryland', 'picture']




Accuracy per Label

0.257142857143
0.247524752475
0.181818181818
0.135922330097
0.191011235955
Total Accuracy
0.25


[[ 18.  25.  14.  14.  17.]
 [ 13.  23.  16.  18.  18.]
 [ 14.  23.  18.  20.  13.]
 [ 13.  11.  16.  29.  19.]
 [ 12.  19.  13.  22.  22.]]
