words
['protons', 'food', 'health', 'obama', 'video', '2012', 'parks', 'site', 'web', 'space']
words
['side', 'report', 'terrain', 'moons', 'cities', 'moon', '20', 'high', 'degrees', 'north']
words
['red', 'visible', 'images', 'program', 'research', 'resources', 'javascript', 'questions', 'taxpayers', 'function']
words
['updated', 'reported', 'address', 'nutrition', 'start', 'public', 'privileges', 'weight', 'healthy', 'years']
words
['path', 'report', 'current', 'disk', 'impact', '300', 'files', 'high', 'clin', 'sky']




Accuracy per Label

0.25
0.333333333333
0.125
0.222222222222
0.153846153846
Total Accuracy
0.136363636364


[[ 2.  2.  1.  2.  2.]
 [ 3.  1.  1.  2.  2.]
 [ 1.  2.  0.  2.  4.]
 [ 1.  0.  4.  1.  3.]
 [ 1.  1.  2.  2.  2.]]
