words
['enter', 'endorsement', 'engaged', 'endorsed', 'energy', 'engaging', 'enduran', 'engineering', 'engage']
words
['usa', 'tornadoes', 'network', 'mod', 'moderate', '5', 'probabilities', 'event', 'including', 'increased']
words
['established', 'january', 'mod', 'low', 'event', 'visit', 'warnings', '2012', 'center', 'increased']
words
['usa', 'effects', '11', 'complete', '20', '30', 'warnings', 'news', 'increased', 'weather']
words
['usa', 'path', 'visible', '11', 'files', 'bright', 'time', 'spacecraft', 'mission', '300']




Accuracy per Label

0.375
0.269230769231
0.157894736842
0.1
0.133333333333
Total Accuracy
0.266129032258


[[  3.  14.   3.   3.   2.]
 [  1.  13.   3.   4.   4.]
 [  2.   7.   7.   7.   2.]
 [  0.  13.   1.   7.   4.]
 [  2.   5.   5.   9.   3.]]
