words
['end', 'ending', 'endorse', 'endangered', 'endorsed', 'endoftherapy', 'encyclopedia', 'endorsement', 'ended']
words
['direct', 'good', 'search', 'discover', 'written', 'astronomer', 'universe', 'day', 'explanation', 'apod']
words
['direct', 'quick', 'applications', 'learn', 'part', 'practices', 'application', 'department', 'provided', 'privacy']
words
['night', 'sun', 'easy', 'search', 'star', 'learn', 'states', 'years', 'individuals', 'day']
words
['featured', 'cosmos', 'photograph', 'professional', 'written', 'astronomer', 'fascinating', 'years', 'explanation', 'apod']




Accuracy per Label

0.206896551724
0.0769230769231
0.333333333333
0.225806451613
0.190476190476
Total Accuracy
0.232


[[ 6.  2.  6.  7.  4.]
 [ 6.  7.  1.  6.  5.]
 [ 6.  5.  4.  6.  4.]
 [ 4.  7.  4.  7.  3.]
 [ 7.  5.  3.  5.  5.]]
