words
['educating', 'educate', 'educ', 'educational', 'educat', 'educationa', 'education', 'educationcivic', 'edge']
words
['prediction', 'month', 'application', 'date', 'privacy', 'features', '11', 'fall', '60', 'press']
words
['carbon', 'programs', 'world', 'market', 'space', 'area', 'conditions', '13', 'specific', 'members']
words
['drive', 'bright', 'show', 'paul', 'comments', 'low', 'potential', '60', 'april', 'sky']
words
['bright', 'life', 'increase', 'overview', 'date', 'featured', 'fascinating', 'materials', '12', 'point']




Accuracy per Label

0.220238095238
0.169491525424
0.205479452055
0.242424242424
0.170886075949
Total Accuracy
0.225190839695


[[ 37.  10.  15.  16.  27.]
 [ 33.  11.  18.   8.  35.]
 [ 36.  12.  13.  14.  30.]
 [ 33.  18.  15.  15.  24.]
 [ 29.   8.  12.  13.  42.]]
