words
['erosion', 'equipped', 'erection', 'epimetheus', 'equity', 'essential', 'equality', 'equally', 'eric']
words
['find', 'pages', 'women', 'healthday', 'found', 'medlineplus', 'march', 'related', 'years', 'news']
words
['featured', 'cosmos', 'photograph', 'professional', 'written', 'astronomer', 'universe', 'fascinating', 'explanation', 'years']
words
['60', 'events', 'table', 'probabilities', 'weather', 'probability', 'interactive', 'warnings', 'watch', 'center']
words
['children', 'dealing', 'trauma', 'media', 'player', 'percent', 'march', 'click', 'day', 'families']




Accuracy per Label

0.318181818182
0.117647058824
0.172413793103
0.3
0.111111111111
Total Accuracy
0.278195488722


[[ 7.  4.  5.  9.  2.]
 [ 2.  9.  7.  8.  1.]
 [ 3.  8.  7.  6.  3.]
 [ 6.  6.  7.  5.  3.]
 [ 4.  7.  3.  2.  9.]]
