words
['encourage', 'encountering', 'enceladus', 'encino', 'encyclopedia', 'encountered', 'encke', 'encounter', 'encouraged']
words
['2010', 'fascinating', 'order', 'death', 'committee', 'bar', 'park', 'access', 'navigation', 'wilderness']
words
['fascinating', 'professional', 'astronomer', 'photograph', 'featured', 'cosmos', '30', 'explanation', 'officer', 'written']
words
['science', 'shows', 'professional', 'astronomer', 'photograph', 'featured', 'cosmos', 'explanation', 'written', 'universe']
words
['fascinating', 'professional', 'death', 'business', 'photograph', 'effect', 'featured', 'cosmos', 'written', 'inmate']




Accuracy per Label

0.130434782609
0.275862068966
0.196721311475
0.257142857143
0.129032258065
Total Accuracy
0.189944134078


[[  3.   8.  12.   9.   4.]
 [  7.   4.  12.   6.   7.]
 [  4.  10.   9.   8.   5.]
 [  4.   4.  17.   7.   4.]
 [  5.   3.  11.   5.  11.]]
