words
['congressional', 'start', 'clinical', 'rhode', 'workers', 'california', 'financial', 'large', 'individual', 'radiation']
words
['endorse', 'homeland', 'secretary', 'accordance', 'msgdata', 'home', 'moderated', '4fema', 'unique', 'nongovernment']
words
['opportunity', 'moderated', 'representing', 'comment', 'conference', 'approach', 'disk', 'called', 'impact', 'apply']
words
['small', 'learn', 'thunderstorm', 'additional', 'texas', '2003', 'evidence', 'blue', 'prospective', 'adoption']
words
['healthfindergov', 'learn', 'opportunity', 'nutrition', 'answers', 'solstice', '25', 'cassini', 'quick', 'rate']




Accuracy per Label

0.237623762376
0.184931506849
0.235714285714
0.17004048583
0.186363636364
Total Accuracy
0.229319371728


[[ 48.  27.  33.  42.  41.]
 [ 45.  29.  24.  52.  41.]
 [ 44.  37.  27.  53.  30.]
 [ 44.  28.  24.  51.  44.]
 [ 21.  25.  32.  49.  64.]]
