words
['elevations', 'eleifend', 'elevation', 'elevated', 'elements', 'eleven', 'elementary', 'electors', 'eli']
words
['applications', 'complete', 'provided', 'safety', 'hhs', 'user', 'links', 'subject', 'services', 'publication']
words
['power', 'projects', 'involved', 'standard', 'resources', 'primary', 'guide', 'links', 'text', 'specific']
words
['participate', 'pennsylvania', 'established', 'division', 'date', 'pa', 'nasa', 'issued', 'member', 'press']
words
['provided', 'live', 'prepare', 'hhs', 'application', 'grants', 'click', 'services', 'specific', 'visitors']




Accuracy per Label

0.1875
0.2
0.174311926606
0.22619047619
0.206896551724
Total Accuracy
0.226373626374


[[  6.  17.  19.  19.  30.]
 [  8.  15.  29.  12.  27.]
 [  5.  21.  22.  17.  26.]
 [  4.  15.  24.  23.  25.]
 [  9.  17.  15.  13.  37.]]
