words
['enforecement', 'energy', 'engaged', 'enduran', 'enforce', 'endurancetrained', 'enlisted', 'enforceable', 'energysaversgov']
words
['states', 'oldest', 'year', 'march', 'active', 'content', 'thing', 'earth', 'find', 'united']
words
['early', 'providers', 'education', 'general', 'school', 'earth', 'persons', 'sky', 'unprecedented', 'made']
words
['laboratory', 'boston', 'date', 'impact', 'government', 'analyzed', 'march', 'continually', 'sky', 'community']
words
['tips', 'trauma', 'families', 'media', 'providers', 'additional', 'education', 'dealing', 'social', '23']




Accuracy per Label

0.227272727273
0.222222222222
0.35
0.173333333333
0.155555555556
Total Accuracy
0.257575757576


[[  5.   8.   7.  13.   7.]
 [  5.   8.   1.  15.  11.]
 [  4.  10.   4.  17.   5.]
 [  3.   5.   4.  20.   8.]
 [  5.   5.   4.  10.  14.]]
