words
['emanating', 'email', 'emi', 'embrace', 'embedded', 'emendationsmanuscript', 'embassy', 'emails', 'elsefrom']
words
['ring', 'small', 'increase', 'family', 'human', '4', 'students', 'limited', 'windows', 'united']
words
['young', 'discover', 'professional', 'astronomer', 'photograph', 'featured', 'fascinating', 'cosmos', 'explanation', 'written']
words
['discover', 'professional', 'astronomer', 'photograph', 'featured', 'fascinating', 'human', 'cosmos', 'explanation', 'text']
words
['full', 'needed', 'order', 'social', 'professional', 'media', 'northern', 'featured', 'human', 'provide']




Accuracy per Label

0.16
0.203389830508
0.243243243243
0.169811320755
0.194029850746
Total Accuracy
0.244604316547


[[  4.  12.  18.   9.  13.]
 [  5.  18.   9.  14.  10.]
 [  4.  12.  17.   8.  15.]
 [  3.  10.  17.  13.  13.]
 [  9.   7.  13.   9.  16.]]
