words
['improvement', 'experience', 'methods', 'born', 'evaluate', 'autologous', 'rights', 'share', '28', 'opportunities']
words
['shows', 'pages', 'laws', 'medical', 'named', 'surface', 'killed', 'type', 'healthday', 'factors']
words
['rings', 'fema', 'plasma', 'assistance', 'quality', 'save', '19', 'gas', '50', 'requirements']
words
['kids', '90', 'significantly', 'ca', 'healthday', 'association', 'february', 'parks', '50', 'called']
words
['steps', 'summer', 'start', 'eating', 'disorders', '29', 'february', '50', 'psychol', 'requirements']




Accuracy per Label

0.229508196721
0.189393939394
0.228571428571
0.22
0.148936170213
Total Accuracy
0.248333333333


[[ 28.  25.  24.  22.  21.]
 [ 24.  40.  12.  16.  28.]
 [ 26.  23.  20.  20.  31.]
 [ 28.  21.  25.  23.  23.]
 [ 16.  23.  24.  19.  38.]]
