words
['employees', 'enabled', 'enacted', 'encyclopedias', 'employer', 'employee', 'employed', 'encke', 'employment']
words
['earth', 'website', '60', 'follow', 'event', '35', 'day', 'privacy', 'sky', 'official']
words
['attorney', 'general', 'full', 'research', 'decision', 'sports', 'body', 'day', 'increased', 'chronic']
words
['visible', 'top', 'images', 'general', 'online', 'raimondo', 'gina', 'police', '7', 'details']
words
['reports', 'attorney', 'island', 'children', 'event', 'activity', 'close', 'rhode', 'centers', 'day']




Accuracy per Label

0.263157894737
0.157894736842
0.157894736842
0.208333333333
0.260869565217
Total Accuracy
0.227642276423


[[  5.   6.   3.   5.   6.]
 [  5.  10.   2.   5.   3.]
 [  3.   5.   4.   6.   7.]
 [  1.  11.   5.   5.   3.]
 [  5.   6.   5.   3.   4.]]
