words
['enjoyable', 'enjoyed', 'enhance', 'enjoying', 'enrichment', 'enhanced', 'enjoy', 'engraver', 'english']
words
['enjoyable', 'enjoyed', 'enhance', 'enjoying', 'enrichment', 'enhanced', 'enjoy', 'engraver', 'english']
words
['healthday', 'low', 'food', 'storm', '20', '22', '8', 'watch', 'written', 'college']
words
['monday', 'severe', 'thunderstorm', '21', 'good', 'fish', 'blue', 'report', 'specific', 'growth']
words
['instructed', 'healthday', 'picks', 'announced', 'product', '7', 'stop', 'blue', 'news', 'offices']




Accuracy per Label

0.170731707317
0.285714285714
0.2
0.25
0.104166666667
Total Accuracy
0.221757322176


[[  7.  12.  12.  12.   5.]
 [ 10.   7.  12.  11.   8.]
 [ 11.   9.  15.   9.   4.]
 [  8.   4.  13.   8.  15.]
 [  5.  10.   8.   8.  16.]]
