words
['enter', 'enhancing', 'ensure', 'engaging', 'enlarged', 'energysaversgov', 'engage', 'engineerus', 'enhanced']
words
['management', 'dr', 'people', 'discussion', 'warning', 'recent', 'lower', 'back', 'web', '40']
words
['lessons', 'shoes', 'january', 'nutrition', 'results', 'agricultural', '2012', 'years', '2011', 'greater']
words
['map', 'require', '22', 'recent', '2012', 'view', 'freeze', 'citizen', 'page', 'made']
words
['updated', 'law', 'file', 'files', '30', '2012', 'weather', 'sky', 'increased', 'official']




Accuracy per Label

0.285714285714
0.153846153846
0.285714285714
0.125
0.181818181818
Total Accuracy
0.213333333333


[[ 4.  2.  2.  1.  6.]
 [ 3.  2.  3.  1.  6.]
 [ 1.  3.  1.  3.  7.]
 [ 4.  2.  0.  2.  7.]
 [ 2.  4.  1.  1.  7.]]
