words
['edsa', 'edmundscom', 'edition', 'editions', 'editorial', 'educations', 'editors', 'edison', 'edith']
words
['side', 'solstice', 'visible', 'cassini', '1', 'college', 'period', 'samples', 'mission', 'modifications']
words
['standard', 'surface', 'group', '4', 'response', '1', 'agency', 'planning', 'local', 'ability']
words
['90', 'individuals', 'produced', 'face', 'date', 'potential', 'late', 'pm', 'made', 'year']
words
['sign', 'obama', 'community', 'message', 'document', 'grant', 'president', 'tour', '1', 'mission']




Accuracy per Label

0.229166666667
0.244444444444
0.173333333333
0.207792207792
0.180722891566
Total Accuracy
0.253048780488


[[ 11.  11.  13.  16.  15.]
 [  8.  12.  13.  15.  18.]
 [  7.   8.  20.  18.  13.]
 [ 11.   8.  14.  18.  15.]
 [ 11.   6.  15.  10.  22.]]
