words
['successful', 'schools', 'past', 'diabetes', 'guidance', 'studies', 'defense', 'diagnosis', '24', 'feb']
words
['easier', 'eastern', 'ease', 'east', 'earthwork', 'earthside', 'easily', 'earthshine', 'earths']
words
['large', 'economy', 'justice', 'parenting', 'force', 'testing', 'skin', 'miles', 'psychology', 'disk']
words
['adult', 'ground', 'comprehensive', 'sensitive', 'format', 'attack', 'retrieve', 'activity', 'articles', 'growth']
words
['select', 'tips', 'space', 'additional', 'interest', 'calendar', 'top', 'head', 'nasas', 'inmate']




Accuracy per Label

0.247663551402
0.193370165746
0.143939393939
0.207692307692
0.225
Total Accuracy
0.218402426694


[[ 53.  35.  38.  27.  45.]
 [ 45.  29.  58.  24.  42.]
 [ 44.  37.  57.  28.  32.]
 [ 38.  36.  66.  27.  31.]
 [ 34.  44.  45.  24.  50.]]
