words
['endorsed', 'endurancetrained', 'endorse', 'endangered', 'end', 'endocrinol', 'endowment', 'endorsement', 'ended']
words
['city', 'states', 'information', 'projects', 'read', 'low', 'twisted', 'report', 'pm', 'united']
words
['contained', 'uiheaderbackground', 'addthisconfig', 'pictured', 'human', 'exercise', 'consistent', 'servicesexclude', 'uiheadercolor', 'var']
words
['uiheaderbackground', 'streetboulder', 'email', 'favorites', 'uicobrand', 'emergency911', 'feb', '6a1a18', 'uiheadercolor', 'twitter']
words
['data', 'city', 'states', 'community', 'email', 'nutrition', 'privacy', 'human', 'navigation', 'united']




Accuracy per Label

0.217391304348
0.209302325581
0.142857142857
0.222222222222
0.205882352941
Total Accuracy
0.170103092784


[[ 10.   9.   5.   8.   7.]
 [  8.   3.   8.  11.   9.]
 [ 12.  12.   6.   4.   5.]
 [  9.   6.   9.   8.   7.]
 [  7.  13.   7.   5.   6.]]
