words
['electroencephalogram', 'element', 'electronic', 'electronically', 'elementary', 'ejected', 'electronics', 'elegant', 'electrodes']
words
['types', 'condition', 'pictured', 'providing', 'form', 'transportation', 'requirements', 'released', 'sciences', 'articles']
words
['types', 'condition', 'code', 'updates', 'form', 'perform', 'regularly', 'released', 'users', 'multiple']
words
['format', 'code', 'notice', 'overview', 'early', 'accurate', 'additional', 'updates', '100', 'limited']
words
['drive', 'learn', 'format', 'americas', 'note', 'form', 'living', 'americans', 'healthy', 'released']




Accuracy per Label

0.24
0.213675213675
0.141666666667
0.191011235955
0.204225352113
Total Accuracy
0.221682847896


[[ 36.  25.  17.  17.  29.]
 [ 27.  23.  28.  18.  28.]
 [ 30.  22.  24.  16.  32.]
 [ 29.  21.  33.  21.  20.]
 [ 28.  26.  18.  17.  33.]]
