words
['schools', 'necessarily', 'introduction', 'sec', 'exchange', 'proportion', 'accurate', 'reviewed', 'curr', 'dentistry']
words
['birth', 'red', 'hours', 'survival', 'cardiovascular', 'reporting', 'point', 'processes', 'biological', 'york']
words
['natural', 'owners', 'produced', 'cardiovascular', 'county', '24', '22', 'reported', 'complex', 'obes']
words
['ri', 'investigated', 'methods', 'contact', 'conditions', 'adults', 'issues', 'design', 'recent', 'discuss']
words
['asked', 'red', 'answers', 'history', 'cardiovascular', 'county', '13', 'road', 'enter', 'present']




Accuracy per Label

0.228723404255
0.192307692308
0.228426395939
0.204379562044
0.164516129032
Total Accuracy
0.224888888889


[[ 43.  30.  45.  56.  51.]
 [ 30.  37.  38.  58.  62.]
 [ 38.  27.  47.  51.  62.]
 [ 38.  35.  39.  52.  61.]
 [ 39.  27.  28.  57.  74.]]
