words
['encourage', 'encountering', 'enceladus', 'enclosures', 'enables', 'encke', 'encounter', 'enact', 'fenwick']
words
['comments', 'months', 'discussion', 'event', 'additional', 'content', 'response', 'beginning', 'wide', 'include']
words
['prediction', 'forecaster', 'increased', 'tornadoes', 'early', 'low', 'storm', 'institute', '5', 'warnings']
words
['messages', 'increased', 'iwin', 'event', '10', 'moderate', '60', 'events', 'table', '5']
words
['effective', 'system', 'spectacular', 'event', 'links', 'americans', '10', '20', '5', 'rate']




Accuracy per Label

0.255813953488
0.174603174603
0.171052631579
0.27868852459
0.155844155844
Total Accuracy
0.253125


[[ 11.  11.  13.  17.  12.]
 [  9.  14.  13.   9.  19.]
 [  9.  17.  19.   7.  12.]
 [  3.  15.  15.  17.  14.]
 [ 11.   6.  16.  11.  20.]]
