words
['epederuwashingtonedu', 'epa', 'entity', 'episodes', 'enzyme', 'epimetheus', 'ephemeral', 'environments', 'epidemiology']
words
['treatment', 'change', '60', 'severe', 'large', 'small', '2012', 'related', 'site', 'increased']
words
['90', 'preserve', '50', 'miles', 'college', 'moon', 'learn', 'history', 'home', 'washington']
words
['epederuwashingtonedu', 'epa', 'entity', 'episodes', 'enzyme', 'epimetheus', 'ephemeral', 'environments', 'epidemiology']
words
['browse', 'logs', 'visitor', 'union', 'dollars', 'sign', 'wait', 'federal', 'house', 'spent']




Accuracy per Label

0.5
0.217391304348
0.08
0.15
0.25
Total Accuracy
0.26


[[ 4.  5.  2.  3.  6.]
 [ 1.  3.  8.  5.  3.]
 [ 1.  5.  6.  2.  6.]
 [ 1.  6.  5.  6.  2.]
 [ 1.  4.  4.  4.  7.]]
