words
['eventually', 'everyday', 'events', 'evening', 'event', 'evaluation', 'excited', 'evolution', 'evident']
words
['subject', 'website', 'practices', 'hhs', 'contained', 'policies', 'information', 'health', 'link', 'increased']
words
['visit', 'awareness', 'media', 'children', 'health', 'links', 'providers', '2012', 'february', 'page']
words
['consistent', 'human', 'healthy', 'contained', 'external', 'information', 'health', 'services', 'provided', 'constitute']
words
['browse', 'transparency', 'logs', 'visitor', 'union', 'inside', 'wait', 'actions', 'interactive', 'watch']




Accuracy per Label

0.25
nan
0.0
0.2
0.4
Total Accuracy
0.184210526316


[[ 3.  0.  0.  3.  2.]
 [ 1.  0.  3.  4.  0.]
 [ 4.  0.  0.  2.  2.]
 [ 1.  0.  2.  4.  1.]
 [ 3.  0.  1.  2.  0.]]
